#-----------------------------------------------------------
# Vivado v2019.1 (64-bit)
# SW Build 2552052 on Fri May 24 14:49:42 MDT 2019
# IP Build 2548770 on Fri May 24 18:01:18 MDT 2019
# Start of session at: Tue Dec 10 10:38:08 2019
# Process ID: 13380
# Current directory: C:/Users/Bart/Documents/GitHub/Embedded_Operating_Systems/Embedded_Operating_Systems/MiniZED_VIO_HC_SR04
# Command line: vivado.exe -gui_launcher_event rodinguilauncherevent3648 C:\Users\Bart\Documents\GitHub\Embedded_Operating_Systems\Embedded_Operating_Systems\MiniZED_VIO_HC_SR04\MiniZED_AXI_HC_SR04.xpr
# Log file: C:/Users/Bart/Documents/GitHub/Embedded_Operating_Systems/Embedded_Operating_Systems/MiniZED_VIO_HC_SR04/vivado.log
# Journal file: C:/Users/Bart/Documents/GitHub/Embedded_Operating_Systems/Embedded_Operating_Systems/MiniZED_VIO_HC_SR04\vivado.jou
#-----------------------------------------------------------
start_gui
open_project C:/Users/Bart/Documents/GitHub/Embedded_Operating_Systems/Embedded_Operating_Systems/MiniZED_VIO_HC_SR04/MiniZED_AXI_HC_SR04.xpr
INFO: [ProjectBase 1-489] The host OS only allows 260 characters in a normal path. The project is stored in a path with more than 80 characters. If you experience issues with IP, Block Designs, or files not being found, please consider moving the project to a location with a shorter path. Alternately consider using the OS subst command to map part of the path to a drive letter.
Current project path is 'C:/Users/Bart/Documents/GitHub/Embedded_Operating_Systems/Embedded_Operating_Systems/MiniZED_VIO_HC_SR04'
CRITICAL WARNING: [Project 1-19] Could not find the file 'C:/Users/Bart/Documents/GitHub/Embedded_Operating_Systems/Github/Own/Embedded-FPGA/MiniZED/vhdlnoclock.vhd'.
Scanning sources...
Finished scanning sources
WARNING: [filemgmt 56-3] Board Part Repository Path: Could not find the directory 'C:/Users/Bart/Documents/GitHub/Embedded_Operating_Systems/Users/20002890/AppData/Roaming/Xilinx/Vivado/2019.1/xhub/board_store'.
INFO: [IP_Flow 19-234] Refreshing IP repositories
INFO: [IP_Flow 19-1700] Loaded user IP repository 'c:/Users/Bart/Documents/GitHub/Embedded_Operating_Systems/Embedded_Operating_Systems/ip_repo/ws2812_ip_1.0'.
INFO: [IP_Flow 19-1700] Loaded user IP repository 'c:/Users/Bart/Documents/GitHub/Embedded_Operating_Systems/Embedded_Operating_Systems/ip_repo/matrix_ip_1.0'.
INFO: [IP_Flow 19-2313] Loaded Vivado IP repository 'C:/Xilinx/Vivado/2019.1/data/ip'.
open_project: Time (s): cpu = 00:00:23 ; elapsed = 00:00:12 . Memory (MB): peak = 788.387 ; gain = 158.969
update_compile_order -fileset sources_1
open_bd_design {C:/Users/Bart/Documents/GitHub/Embedded_Operating_Systems/Embedded_Operating_Systems/MiniZED_VIO_HC_SR04/MiniZED_AXI_HC_SR04.srcs/sources_1/bd/design_1/design_1.bd}
Adding component instance block -- xilinx.com:module_ref:vhdlnoclk:1.0 - vhdlnoclk_0
Adding component instance block -- xilinx.com:ip:clk_wiz:6.0 - clk_wiz_0
Adding component instance block -- xilinx.com:ip:vio:3.0 - vio_0
Adding component instance block -- xilinx.com:module_ref:HC_SR04:1.0 - HC_SR04_0
WARNING: [BD 41-1731] Type mismatch between connected pins: /vhdlnoclk_0/clk65MHz(undef) and /clk_wiz_0/clk_in1(clk)
Successfully read diagram <design_1> from BD file <C:/Users/Bart/Documents/GitHub/Embedded_Operating_Systems/Embedded_Operating_Systems/MiniZED_VIO_HC_SR04/MiniZED_AXI_HC_SR04.srcs/sources_1/bd/design_1/design_1.bd>
open_bd_design: Time (s): cpu = 00:00:13 ; elapsed = 00:00:09 . Memory (MB): peak = 1007.578 ; gain = 0.000
set_property  ip_repo_paths  {c:/Users/Bart/Documents/GitHub/Embedded_Operating_Systems/Embedded_Operating_Systems/ip_repo/ws2812_ip_1.0 c:/Users/Bart/Documents/GitHub/Embedded_Operating_Systems/Embedded_Operating_Systems/ip_repo/matrix_ip_1.0 C:/Users/Bart/Documents/GitHub/Embedded_Operating_Systems/Embedded_Operating_Systems/ip_repo/MATRIX_IP} [current_project]
update_ip_catalog
INFO: [IP_Flow 19-234] Refreshing IP repositories
INFO: [IP_Flow 19-1700] Loaded user IP repository 'c:/Users/Bart/Documents/GitHub/Embedded_Operating_Systems/Embedded_Operating_Systems/ip_repo/ws2812_ip_1.0'.
INFO: [IP_Flow 19-1700] Loaded user IP repository 'c:/Users/Bart/Documents/GitHub/Embedded_Operating_Systems/Embedded_Operating_Systems/ip_repo/matrix_ip_1.0'.
INFO: [IP_Flow 19-1700] Loaded user IP repository 'c:/Users/Bart/Documents/GitHub/Embedded_Operating_Systems/Embedded_Operating_Systems/ip_repo/MATRIX_IP'.
set_property BOARD_PART_REPO_PATHS {C:/Users/Bart/AppData/Roaming/Xilinx/Vivado/2019.1/xhub/board_store} [current_project]
set_param board.repoPaths {C:/Users/Bart/AppData/Roaming/Xilinx/Vivado/2019.1/xhub/board_store}
set_property board_part trenz.biz:te0803_5ev_1e_tebf0808:part0:2.0 [current_project]
WARNING: [Board 49-26] cannot add Board Part trenz.biz:te0803_5ev_1e_tebf0808:part0:2.0 available at C:/Users/Bart/AppData/Roaming/Xilinx/Vivado/2019.1/xhub/board_store/XilinxBoardStore/Vivado/2019.1/boards/Trenz_Electronic/TE0803_5EV_1E/2.0/2.0/board.xml as part xczu5ev-sfvc784-1-e specified in board_part file is either invalid or not available
ERROR: [Board 49-71] The board_part definition was not found for trenz.biz:te0803_5ev_1e_tebf0808:part0:2.0. The project's board_part property was not set, but the project's part property was set to xc7z007sclg225-1. Valid board_part values can be retrieved with the 'get_board_parts' Tcl command. Check if board.repoPaths parameter is set and the board_part is installed from the tcl app store.
set_property board_part trenz.biz:te0803_5ev_1e_tebf0808:part0:2.0 [current_project]
WARNING: [Board 49-26] cannot add Board Part trenz.biz:te0803_5ev_1e_tebf0808:part0:2.0 available at C:/Users/Bart/AppData/Roaming/Xilinx/Vivado/2019.1/xhub/board_store/XilinxBoardStore/Vivado/2019.1/boards/Trenz_Electronic/TE0803_5EV_1E/2.0/2.0/board.xml as part xczu5ev-sfvc784-1-e specified in board_part file is either invalid or not available
ERROR: [Board 49-71] The board_part definition was not found for trenz.biz:te0803_5ev_1e_tebf0808:part0:2.0. The project's board_part property was not set, but the project's part property was set to xc7z007sclg225-1. Valid board_part values can be retrieved with the 'get_board_parts' Tcl command. Check if board.repoPaths parameter is set and the board_part is installed from the tcl app store.
open_bd_design {C:/Users/Bart/Documents/GitHub/Embedded_Operating_Systems/Embedded_Operating_Systems/MiniZED_VIO_HC_SR04/MiniZED_AXI_HC_SR04.srcs/sources_1/bd/matrix/matrix.bd}
Adding component instance block -- xilinx.com:ip:processing_system7:5.5 - processing_system7_0
Adding component instance block -- xilinx.com:module_ref:HC_SR04:1.0 - HC_SR04_0
Adding component instance block -- xilinx.com:ip:axi_gpio:2.0 - axi_gpio_0
Adding component instance block -- xilinx.com:ip:axi_interconnect:2.1 - ps7_0_axi_periph
Adding component instance block -- xilinx.com:ip:proc_sys_reset:5.0 - rst_ps7_0_50M
Adding component instance block -- xilinx.com:ip:axi_gpio:2.0 - axi_gpio_matrix
Successfully read diagram <matrix> from BD file <C:/Users/Bart/Documents/GitHub/Embedded_Operating_Systems/Embedded_Operating_Systems/MiniZED_VIO_HC_SR04/MiniZED_AXI_HC_SR04.srcs/sources_1/bd/matrix/matrix.bd>
startgroup
create_bd_cell -type ip -vlnv xilinx.com:user:matrix:1.0 matrix_0
endgroup
delete_bd_objs [get_bd_intf_nets axi_gpio_1_GPIO] [get_bd_cells axi_gpio_matrix]
startgroup
make_bd_pins_external  [get_bd_cells matrix_0]
make_bd_intf_pins_external  [get_bd_cells matrix_0]
endgroup
undo
INFO: [Common 17-17] undo 'endgroup'
INFO: [Common 17-17] undo 'make_bd_intf_pins_external  [get_bd_cells matrix_0]'
INFO: [Common 17-17] undo 'make_bd_pins_external  [get_bd_cells matrix_0]'
INFO: [Common 17-17] undo 'startgroup'
set_property location {4 953 257} [get_bd_cells matrix_0]
delete_bd_objs [get_bd_intf_ports GPIO_M]
startgroup
make_bd_pins_external  [get_bd_pins matrix_0/led_out]
endgroup
save_bd_design
Wrote  : <C:\Users\Bart\Documents\GitHub\Embedded_Operating_Systems\Embedded_Operating_Systems\MiniZED_VIO_HC_SR04\MiniZED_AXI_HC_SR04.srcs\sources_1\bd\matrix\matrix.bd> 
Wrote  : <C:/Users/Bart/Documents/GitHub/Embedded_Operating_Systems/Embedded_Operating_Systems/MiniZED_VIO_HC_SR04/MiniZED_AXI_HC_SR04.srcs/sources_1/bd/matrix/ui/bd_30bd5ac1.ui> 
set_property name matrix_out [get_bd_ports led_out_0]
regenerate_bd_layout
regenerate_bd_layout -routing
set_property location {3 834 276} [get_bd_cells matrix_0]
startgroup
create_bd_cell -type ip -vlnv xilinx.com:ip:axi_gpio:2.0 axi_gpio_1
endgroup
apply_bd_automation -rule xilinx.com:bd_rule:board -config { Board_Interface {pl_led_g ( pl_led_g ) } Manual_Source {Auto}}  [get_bd_intf_pins axi_gpio_1/GPIO]
INFO: [board_rule 100-100] set_property CONFIG.USE_BOARD_FLOW true [get_bd_cells /axi_gpio_1]
INFO: [board_rule 100-100] set_property CONFIG.GPIO_BOARD_INTERFACE pl_led_g [get_bd_cells /axi_gpio_1]
WARNING: [Board 49-26] cannot add Board Part digilentinc.com:arty-a7-100:part0:1.0 available at C:/Users/Bart/AppData/Roaming/Xilinx/Vivado/2019.1/xhub/board_store/XilinxBoardStore/Vivado/2019.1/boards/Digilent/arty-a7-100/E.0/1.0/board.xml as part xc7a100tcsg324-1 specified in board_part file is either invalid or not available
WARNING: [Board 49-26] cannot add Board Part digilentinc.com:arty-a7-35:part0:1.0 available at C:/Users/Bart/AppData/Roaming/Xilinx/Vivado/2019.1/xhub/board_store/XilinxBoardStore/Vivado/2019.1/boards/Digilent/arty-a7-35/E.0/1.0/board.xml as part xc7a35ticsg324-1l specified in board_part file is either invalid or not available
WARNING: [Board 49-26] cannot add Board Part digilentinc.com:arty-s7-25:part0:1.0 available at C:/Users/Bart/AppData/Roaming/Xilinx/Vivado/2019.1/xhub/board_store/XilinxBoardStore/Vivado/2019.1/boards/Digilent/arty-s7-25/E.0/1.0/board.xml as part xc7s25csga324-1 specified in board_part file is either invalid or not available
WARNING: [Board 49-26] cannot add Board Part digilentinc.com:arty-s7-50:part0:1.0 available at C:/Users/Bart/AppData/Roaming/Xilinx/Vivado/2019.1/xhub/board_store/XilinxBoardStore/Vivado/2019.1/boards/Digilent/arty-s7-50/B.0/1.0/board.xml as part xc7s50csga324-1 specified in board_part file is either invalid or not available
WARNING: [Board 49-26] cannot add Board Part digilentinc.com:arty:part0:1.1 available at C:/Users/Bart/AppData/Roaming/Xilinx/Vivado/2019.1/xhub/board_store/XilinxBoardStore/Vivado/2019.1/boards/Digilent/arty/C.0/1.1/board.xml as part xc7a35ticsg324-1l specified in board_part file is either invalid or not available
WARNING: [Board 49-26] cannot add Board Part digilentinc.com:basys3:part0:1.1 available at C:/Users/Bart/AppData/Roaming/Xilinx/Vivado/2019.1/xhub/board_store/XilinxBoardStore/Vivado/2019.1/boards/Digilent/basys3/C.0/1.1/board.xml as part xc7a35tcpg236-1 specified in board_part file is either invalid or not available
WARNING: [Board 49-26] cannot add Board Part digilentinc.com:cmod-s7-25:part0:1.0 available at C:/Users/Bart/AppData/Roaming/Xilinx/Vivado/2019.1/xhub/board_store/XilinxBoardStore/Vivado/2019.1/boards/Digilent/cmod-s7-25/B.0/1.0/board.xml as part xc7s25csga225-1 specified in board_part file is either invalid or not available
WARNING: [Board 49-26] cannot add Board Part digilentinc.com:cmod_a7-15t:part0:1.1 available at C:/Users/Bart/AppData/Roaming/Xilinx/Vivado/2019.1/xhub/board_store/XilinxBoardStore/Vivado/2019.1/boards/Digilent/cmod_a7-15t/B.0/1.1/board.xml as part xc7a15tcpg236-1 specified in board_part file is either invalid or not available
WARNING: [Board 49-26] cannot add Board Part digilentinc.com:cmod_a7-35t:part0:1.1 available at C:/Users/Bart/AppData/Roaming/Xilinx/Vivado/2019.1/xhub/board_store/XilinxBoardStore/Vivado/2019.1/boards/Digilent/cmod_a7-35t/B.0/1.1/board.xml as part xc7a35tcpg236-1 specified in board_part file is either invalid or not available
WARNING: [Board 49-26] cannot add Board Part digilentinc.com:genesys2:part0:1.1 available at C:/Users/Bart/AppData/Roaming/Xilinx/Vivado/2019.1/xhub/board_store/XilinxBoardStore/Vivado/2019.1/boards/Digilent/genesys2/H/1.1/board.xml as part xc7k325tffg900-2 specified in board_part file is either invalid or not available
WARNING: [Board 49-26] cannot add Board Part digilentinc.com:nexys4:part0:1.1 available at C:/Users/Bart/AppData/Roaming/Xilinx/Vivado/2019.1/xhub/board_store/XilinxBoardStore/Vivado/2019.1/boards/Digilent/nexys4/B.1/1.1/board.xml as part xc7a100tcsg324-1 specified in board_part file is either invalid or not available
WARNING: [Board 49-26] cannot add Board Part digilentinc.com:nexys4_ddr:part0:1.1 available at C:/Users/Bart/AppData/Roaming/Xilinx/Vivado/2019.1/xhub/board_store/XilinxBoardStore/Vivado/2019.1/boards/Digilent/nexys4_ddr/C.1/1.1/board.xml as part xc7a100tcsg324-1 specified in board_part file is either invalid or not available
WARNING: [Board 49-26] cannot add Board Part digilentinc.com:nexys_video:part0:1.1 available at C:/Users/Bart/AppData/Roaming/Xilinx/Vivado/2019.1/xhub/board_store/XilinxBoardStore/Vivado/2019.1/boards/Digilent/nexys_video/A.0/1.1/board.xml as part xc7a200tsbg484-1 specified in board_part file is either invalid or not available
WARNING: [Board 49-26] cannot add Board Part digilentinc.com:sword:part0:1.0 available at C:/Users/Bart/AppData/Roaming/Xilinx/Vivado/2019.1/xhub/board_store/XilinxBoardStore/Vivado/2019.1/boards/Digilent/sword/C.0/1.0/board.xml as part xc7k325tffg900-2 specified in board_part file is either invalid or not available
WARNING: [Board 49-26] cannot add Board Part em.avnet.com:ultra96:part0:1.2 available at C:/Users/Bart/AppData/Roaming/Xilinx/Vivado/2019.1/xhub/board_store/XilinxBoardStore/Vivado/2019.1/boards/Avnet/ultra96/1.2/1.2/board.xml as part xczu3eg-sbva484-1-e specified in board_part file is either invalid or not available
WARNING: [Board 49-26] cannot add Board Part trenz.biz:te0712_100_1i:part0:1.0 available at C:/Users/Bart/AppData/Roaming/Xilinx/Vivado/2019.1/xhub/board_store/XilinxBoardStore/Vivado/2019.1/boards/Trenz_Electronic/TE0712_100_1I/1.0/1.0/board.xml as part xc7a100tfgg484-1 specified in board_part file is either invalid or not available
WARNING: [Board 49-26] cannot add Board Part trenz.biz:te0712_100_2c:part0:1.0 available at C:/Users/Bart/AppData/Roaming/Xilinx/Vivado/2019.1/xhub/board_store/XilinxBoardStore/Vivado/2019.1/boards/Trenz_Electronic/TE0712_100_2C/1.0/1.0/board.xml as part xc7a100tfgg484-2 specified in board_part file is either invalid or not available
WARNING: [Board 49-26] cannot add Board Part trenz.biz:te0712_100_2c:part0:2.0 available at C:/Users/Bart/AppData/Roaming/Xilinx/Vivado/2019.1/xhub/board_store/XilinxBoardStore/Vivado/2019.1/boards/Trenz_Electronic/TE0712_100_2C/2.0/2.0/board.xml as part xc7a100tfgg484-2 specified in board_part file is either invalid or not available
WARNING: [Board 49-26] cannot add Board Part trenz.biz:te0712_200_1i:part0:1.0 available at C:/Users/Bart/AppData/Roaming/Xilinx/Vivado/2019.1/xhub/board_store/XilinxBoardStore/Vivado/2019.1/boards/Trenz_Electronic/TE0712_200_1I/1.0/1.0/board.xml as part xc7a200tfbg484-1 specified in board_part file is either invalid or not available
WARNING: [Board 49-26] cannot add Board Part trenz.biz:te0712_200_2c:part0:1.0 available at C:/Users/Bart/AppData/Roaming/Xilinx/Vivado/2019.1/xhub/board_store/XilinxBoardStore/Vivado/2019.1/boards/Trenz_Electronic/TE0712_200_2C/1.0/1.0/board.xml as part xc7a200tfbg484-2 specified in board_part file is either invalid or not available
WARNING: [Board 49-26] cannot add Board Part trenz.biz:te0712_200_2i:part0:1.0 available at C:/Users/Bart/AppData/Roaming/Xilinx/Vivado/2019.1/xhub/board_store/XilinxBoardStore/Vivado/2019.1/boards/Trenz_Electronic/TE0712_200_2I/1.0/1.0/board.xml as part xc7a200tfbg484-2 specified in board_part file is either invalid or not available
WARNING: [Board 49-26] cannot add Board Part trenz.biz:te0712_35_2i:part0:1.0 available at C:/Users/Bart/AppData/Roaming/Xilinx/Vivado/2019.1/xhub/board_store/XilinxBoardStore/Vivado/2019.1/boards/Trenz_Electronic/TE0712_35_2I/1.0/1.0/board.xml as part xc7a35tfgg484-2 specified in board_part file is either invalid or not available
WARNING: [Board 49-26] cannot add Board Part trenz.biz:te0725_100_2c:part0:1.0 available at C:/Users/Bart/AppData/Roaming/Xilinx/Vivado/2019.1/xhub/board_store/XilinxBoardStore/Vivado/2019.1/boards/Trenz_Electronic/TE0725_100_2C/1.0/1.0/board.xml as part xc7a100tcsg324-2 specified in board_part file is either invalid or not available
WARNING: [Board 49-26] cannot add Board Part trenz.biz:te0725_100_2i:part0:1.0 available at C:/Users/Bart/AppData/Roaming/Xilinx/Vivado/2019.1/xhub/board_store/XilinxBoardStore/Vivado/2019.1/boards/Trenz_Electronic/TE0725_100_2I/1.0/1.0/board.xml as part xc7a100tcsg324-2 specified in board_part file is either invalid or not available
WARNING: [Board 49-26] cannot add Board Part trenz.biz:te0725_15_1c:part0:1.0 available at C:/Users/Bart/AppData/Roaming/Xilinx/Vivado/2019.1/xhub/board_store/XilinxBoardStore/Vivado/2019.1/boards/Trenz_Electronic/TE0725_15_1C/1.0/1.0/board.xml as part xc7a15tcsg324-1 specified in board_part file is either invalid or not available
WARNING: [Board 49-26] cannot add Board Part trenz.biz:te0725_35_2c:part0:1.0 available at C:/Users/Bart/AppData/Roaming/Xilinx/Vivado/2019.1/xhub/board_store/XilinxBoardStore/Vivado/2019.1/boards/Trenz_Electronic/TE0725_35_2C/1.0/1.0/board.xml as part xc7a35tcsg324-2 specified in board_part file is either invalid or not available
WARNING: [Board 49-26] cannot add Board Part trenz.biz:te0725lp_100:part0:1.0 available at C:/Users/Bart/AppData/Roaming/Xilinx/Vivado/2019.1/xhub/board_store/XilinxBoardStore/Vivado/2019.1/boards/Trenz_Electronic/TE0725LP/1.0/1.0/board.xml as part xc7a100tcsg324-2 specified in board_part file is either invalid or not available
WARNING: [Board 49-26] cannot add Board Part trenz.biz:te0803_2cg_1e:part0:1.0 available at C:/Users/Bart/AppData/Roaming/Xilinx/Vivado/2019.1/xhub/board_store/XilinxBoardStore/Vivado/2019.1/boards/Trenz_Electronic/TE0803_2CG_1E/1.0/1.0/board.xml as part xczu2cg-sfvc784-1-e specified in board_part file is either invalid or not available
WARNING: [Board 49-26] cannot add Board Part trenz.biz:te0803_2cg_1e_tebf0808:part0:2.0 available at C:/Users/Bart/AppData/Roaming/Xilinx/Vivado/2019.1/xhub/board_store/XilinxBoardStore/Vivado/2019.1/boards/Trenz_Electronic/TE0803_2CG_1E/2.0/2.0/board.xml as part xczu2cg-sfvc784-1-e specified in board_part file is either invalid or not available
WARNING: [Board 49-26] cannot add Board Part trenz.biz:te0803_2eg_1e:part0:1.0 available at C:/Users/Bart/AppData/Roaming/Xilinx/Vivado/2019.1/xhub/board_store/XilinxBoardStore/Vivado/2019.1/boards/Trenz_Electronic/TE0803_2EG_1E/1.0/1.0/board.xml as part xczu2eg-sfvc784-1-e specified in board_part file is either invalid or not available
WARNING: [Board 49-26] cannot add Board Part trenz.biz:te0803_2eg_1e_tebf0808:part0:2.0 available at C:/Users/Bart/AppData/Roaming/Xilinx/Vivado/2019.1/xhub/board_store/XilinxBoardStore/Vivado/2019.1/boards/Trenz_Electronic/TE0803_2EG_1E/2.0/2.0/board.xml as part xczu2eg-sfvc784-1-e specified in board_part file is either invalid or not available
WARNING: [Board 49-26] cannot add Board Part trenz.biz:te0803_3cg_1e:part0:1.0 available at C:/Users/Bart/AppData/Roaming/Xilinx/Vivado/2019.1/xhub/board_store/XilinxBoardStore/Vivado/2019.1/boards/Trenz_Electronic/TE0803_3CG_1E/1.0/1.0/board.xml as part xczu3cg-sfvc784-1-e specified in board_part file is either invalid or not available
WARNING: [Board 49-26] cannot add Board Part trenz.biz:te0803_3cg_1e_tebf0808:part0:2.0 available at C:/Users/Bart/AppData/Roaming/Xilinx/Vivado/2019.1/xhub/board_store/XilinxBoardStore/Vivado/2019.1/boards/Trenz_Electronic/TE0803_3CG_1E/2.0/2.0/board.xml as part xczu3cg-sfvc784-1-e specified in board_part file is either invalid or not available
WARNING: [Board 49-26] cannot add Board Part trenz.biz:te0803_3eg_1e:part0:1.0 available at C:/Users/Bart/AppData/Roaming/Xilinx/Vivado/2019.1/xhub/board_store/XilinxBoardStore/Vivado/2019.1/boards/Trenz_Electronic/TE0803_3EG_1E/1.0/1.0/board.xml as part xczu3eg-sfvc784-1-e specified in board_part file is either invalid or not available
WARNING: [Board 49-26] cannot add Board Part trenz.biz:te0803_3eg_1e:part0:3.0 available at C:/Users/Bart/AppData/Roaming/Xilinx/Vivado/2019.1/xhub/board_store/XilinxBoardStore/Vivado/2019.1/boards/Trenz_Electronic/TE0803_3EG_1E/3.0/3.0/board.xml as part xczu3eg-sfvc784-1-e specified in board_part file is either invalid or not available
WARNING: [Board 49-26] cannot add Board Part trenz.biz:te0803_3eg_1e_tebf0808:part0:2.0 available at C:/Users/Bart/AppData/Roaming/Xilinx/Vivado/2019.1/xhub/board_store/XilinxBoardStore/Vivado/2019.1/boards/Trenz_Electronic/TE0803_3EG_1E/2.0/2.0/board.xml as part xczu3eg-sfvc784-1-e specified in board_part file is either invalid or not available
WARNING: [Board 49-26] cannot add Board Part trenz.biz:te0803_3eg_1e_tebf0808:part0:4.0 available at C:/Users/Bart/AppData/Roaming/Xilinx/Vivado/2019.1/xhub/board_store/XilinxBoardStore/Vivado/2019.1/boards/Trenz_Electronic/TE0803_3EG_1E/4.0/4.0/board.xml as part xczu3eg-sfvc784-1-e specified in board_part file is either invalid or not available
WARNING: [Board 49-26] cannot add Board Part trenz.biz:te0803_4cg_1e:part0:1.0 available at C:/Users/Bart/AppData/Roaming/Xilinx/Vivado/2019.1/xhub/board_store/XilinxBoardStore/Vivado/2019.1/boards/Trenz_Electronic/TE0803_4CG_1E/1.0/1.0/board.xml as part xczu4cg-sfvc784-1-e specified in board_part file is either invalid or not available
WARNING: [Board 49-26] cannot add Board Part trenz.biz:te0803_4cg_1e_tebf0808:part0:2.0 available at C:/Users/Bart/AppData/Roaming/Xilinx/Vivado/2019.1/xhub/board_store/XilinxBoardStore/Vivado/2019.1/boards/Trenz_Electronic/TE0803_4CG_1E/2.0/2.0/board.xml as part xczu4cg-sfvc784-1-e specified in board_part file is either invalid or not available
WARNING: [Board 49-26] cannot add Board Part trenz.biz:te0803_4eg_1e:part0:1.0 available at C:/Users/Bart/AppData/Roaming/Xilinx/Vivado/2019.1/xhub/board_store/XilinxBoardStore/Vivado/2019.1/boards/Trenz_Electronic/TE0803_4EG_1E/1.0/1.0/board.xml as part xczu4eg-sfvc784-1-e specified in board_part file is either invalid or not available
WARNING: [Board 49-26] cannot add Board Part trenz.biz:te0803_4eg_1e_tebf0808:part0:2.0 available at C:/Users/Bart/AppData/Roaming/Xilinx/Vivado/2019.1/xhub/board_store/XilinxBoardStore/Vivado/2019.1/boards/Trenz_Electronic/TE0803_4EG_1E/2.0/2.0/board.xml as part xczu4eg-sfvc784-1-e specified in board_part file is either invalid or not available
WARNING: [Board 49-26] cannot add Board Part trenz.biz:te0803_4eg_1i:part0:5.0 available at C:/Users/Bart/AppData/Roaming/Xilinx/Vivado/2019.1/xhub/board_store/XilinxBoardStore/Vivado/2019.1/boards/Trenz_Electronic/TE0803_4EG_1I/5.0/5.0/board.xml as part xczu4eg-sfvc784-1-i specified in board_part file is either invalid or not available
WARNING: [Board 49-26] cannot add Board Part trenz.biz:te0803_4eg_1i_tebf0808:part0:6.0 available at C:/Users/Bart/AppData/Roaming/Xilinx/Vivado/2019.1/xhub/board_store/XilinxBoardStore/Vivado/2019.1/boards/Trenz_Electronic/TE0803_4EG_1I/6.0/6.0/board.xml as part xczu4eg-sfvc784-1-i specified in board_part file is either invalid or not available
WARNING: [Board 49-26] cannot add Board Part trenz.biz:te0803_4ev_1e:part0:1.0 available at C:/Users/Bart/AppData/Roaming/Xilinx/Vivado/2019.1/xhub/board_store/XilinxBoardStore/Vivado/2019.1/boards/Trenz_Electronic/TE0803_4EV_1E/1.0/1.0/board.xml as part xczu4ev-sfvc784-1-e specified in board_part file is either invalid or not available
WARNING: [Board 49-26] cannot add Board Part trenz.biz:te0803_4ev_1e_tebf0808:part0:2.0 available at C:/Users/Bart/AppData/Roaming/Xilinx/Vivado/2019.1/xhub/board_store/XilinxBoardStore/Vivado/2019.1/boards/Trenz_Electronic/TE0803_4EV_1E/2.0/2.0/board.xml as part xczu4ev-sfvc784-1-e specified in board_part file is either invalid or not available
WARNING: [Board 49-26] cannot add Board Part trenz.biz:te0803_5ev_1e:part0:1.0 available at C:/Users/Bart/AppData/Roaming/Xilinx/Vivado/2019.1/xhub/board_store/XilinxBoardStore/Vivado/2019.1/boards/Trenz_Electronic/TE0803_5EV_1E/1.0/1.0/board.xml as part xczu5ev-sfvc784-1-e specified in board_part file is either invalid or not available
WARNING: [Board 49-26] cannot add Board Part trenz.biz:te0803_5ev_1e_tebf0808:part0:2.0 available at C:/Users/Bart/AppData/Roaming/Xilinx/Vivado/2019.1/xhub/board_store/XilinxBoardStore/Vivado/2019.1/boards/Trenz_Electronic/TE0803_5EV_1E/2.0/2.0/board.xml as part xczu5ev-sfvc784-1-e specified in board_part file is either invalid or not available
WARNING: [Board 49-26] cannot add Board Part trenz.biz:te0803_5ev_1i:part0:1.0 available at C:/Users/Bart/AppData/Roaming/Xilinx/Vivado/2019.1/xhub/board_store/XilinxBoardStore/Vivado/2019.1/boards/Trenz_Electronic/TE0803_5EV_1I/1.0/1.0/board.xml as part xczu5ev-sfvc784-1-i specified in board_part file is either invalid or not available
WARNING: [Board 49-26] cannot add Board Part trenz.biz:te0803_5ev_1i_tebf0808:part0:2.0 available at C:/Users/Bart/AppData/Roaming/Xilinx/Vivado/2019.1/xhub/board_store/XilinxBoardStore/Vivado/2019.1/boards/Trenz_Electronic/TE0803_5EV_1I/2.0/2.0/board.xml as part xczu5ev-sfvc784-1-i specified in board_part file is either invalid or not available
WARNING: [Board 49-26] cannot add Board Part trenz.biz:te0808_15eg_1e:part0:3.0 available at C:/Users/Bart/AppData/Roaming/Xilinx/Vivado/2019.1/xhub/board_store/XilinxBoardStore/Vivado/2019.1/boards/Trenz_Electronic/TE0808_15EG_1E/3.0/3.0/board.xml as part xczu15eg-ffvc900-1-e specified in board_part file is either invalid or not available
WARNING: [Board 49-26] cannot add Board Part trenz.biz:te0808_15eg_1e_tebf0808:part0:4.0 available at C:/Users/Bart/AppData/Roaming/Xilinx/Vivado/2019.1/xhub/board_store/XilinxBoardStore/Vivado/2019.1/boards/Trenz_Electronic/TE0808_15EG_1E/4.0/4.0/board.xml as part xczu15eg-ffvc900-1-e specified in board_part file is either invalid or not available
WARNING: [Board 49-26] cannot add Board Part trenz.biz:te0808_6eg_1e:part0:3.0 available at C:/Users/Bart/AppData/Roaming/Xilinx/Vivado/2019.1/xhub/board_store/XilinxBoardStore/Vivado/2019.1/boards/Trenz_Electronic/TE0808_6EG_1E/3.0/3.0/board.xml as part xczu6eg-ffvc900-1-e specified in board_part file is either invalid or not available
WARNING: [Board 49-26] cannot add Board Part trenz.biz:te0808_6eg_1e_tebf0808:part0:4.0 available at C:/Users/Bart/AppData/Roaming/Xilinx/Vivado/2019.1/xhub/board_store/XilinxBoardStore/Vivado/2019.1/boards/Trenz_Electronic/TE0808_6EG_1E/4.0/4.0/board.xml as part xczu6eg-ffvc900-1-e specified in board_part file is either invalid or not available
WARNING: [Board 49-26] cannot add Board Part trenz.biz:te0808_9eg_1e:part0:1.0 available at C:/Users/Bart/AppData/Roaming/Xilinx/Vivado/2019.1/xhub/board_store/XilinxBoardStore/Vivado/2019.1/boards/Trenz_Electronic/TE0808_9EG_1E/1.0/1.0/board.xml as part xczu9eg-ffvc900-1-e specified in board_part file is either invalid or not available
WARNING: [Board 49-26] cannot add Board Part trenz.biz:te0808_9eg_1e:part0:3.0 available at C:/Users/Bart/AppData/Roaming/Xilinx/Vivado/2019.1/xhub/board_store/XilinxBoardStore/Vivado/2019.1/boards/Trenz_Electronic/TE0808_9EG_1E/3.0/3.0/board.xml as part xczu9eg-ffvc900-1-e specified in board_part file is either invalid or not available
WARNING: [Board 49-26] cannot add Board Part trenz.biz:te0808_9eg_1e_tebf0808:part0:2.0 available at C:/Users/Bart/AppData/Roaming/Xilinx/Vivado/2019.1/xhub/board_store/XilinxBoardStore/Vivado/2019.1/boards/Trenz_Electronic/TE0808_9EG_1E/2.0/2.0/board.xml as part xczu9eg-ffvc900-1-e specified in board_part file is either invalid or not available
WARNING: [Board 49-26] cannot add Board Part trenz.biz:te0808_9eg_1e_tebf0808:part0:4.0 available at C:/Users/Bart/AppData/Roaming/Xilinx/Vivado/2019.1/xhub/board_store/XilinxBoardStore/Vivado/2019.1/boards/Trenz_Electronic/TE0808_9EG_1E/4.0/4.0/board.xml as part xczu9eg-ffvc900-1-e specified in board_part file is either invalid or not available
WARNING: [Board 49-26] cannot add Board Part trenz.biz:te0808_9eg_2i:part0:3.0 available at C:/Users/Bart/AppData/Roaming/Xilinx/Vivado/2019.1/xhub/board_store/XilinxBoardStore/Vivado/2019.1/boards/Trenz_Electronic/TE0808_9EG_2I/3.0/3.0/board.xml as part xczu9eg-ffvc900-2-i specified in board_part file is either invalid or not available
WARNING: [Board 49-26] cannot add Board Part trenz.biz:te0808_9eg_2i_tebf0808:part0:4.0 available at C:/Users/Bart/AppData/Roaming/Xilinx/Vivado/2019.1/xhub/board_store/XilinxBoardStore/Vivado/2019.1/boards/Trenz_Electronic/TE0808_9EG_2I/4.0/4.0/board.xml as part xczu9eg-ffvc900-2-i specified in board_part file is either invalid or not available
WARNING: [Board 49-26] cannot add Board Part trenz.biz:te0820_2cg_1e:part0:1.0 available at C:/Users/Bart/AppData/Roaming/Xilinx/Vivado/2019.1/xhub/board_store/XilinxBoardStore/Vivado/2019.1/boards/Trenz_Electronic/TE0820_2CG_1E/1.0/1.0/board.xml as part xczu2cg-sfvc784-1-e specified in board_part file is either invalid or not available
WARNING: [Board 49-26] cannot add Board Part trenz.biz:te0820_2eg_1e:part0:1.0 available at C:/Users/Bart/AppData/Roaming/Xilinx/Vivado/2019.1/xhub/board_store/XilinxBoardStore/Vivado/2019.1/boards/Trenz_Electronic/TE0820_2EG_1E/1.0/1.0/board.xml as part xczu2eg-sfvc784-1-e specified in board_part file is either invalid or not available
WARNING: [Board 49-26] cannot add Board Part trenz.biz:te0820_2eg_1e:part0:2.0 available at C:/Users/Bart/AppData/Roaming/Xilinx/Vivado/2019.1/xhub/board_store/XilinxBoardStore/Vivado/2019.1/boards/Trenz_Electronic/TE0820_2EG_1E/2.0/2.0/board.xml as part xczu2eg-sfvc784-1-e specified in board_part file is either invalid or not available
WARNING: [Board 49-26] cannot add Board Part trenz.biz:te0820_3cg_1e:part0:1.0 available at C:/Users/Bart/AppData/Roaming/Xilinx/Vivado/2019.1/xhub/board_store/XilinxBoardStore/Vivado/2019.1/boards/Trenz_Electronic/TE0820_3CG_1E/1.0/1.0/board.xml as part xczu3cg-sfvc784-1-e specified in board_part file is either invalid or not available
WARNING: [Board 49-26] cannot add Board Part trenz.biz:te0820_3eg_1e:part0:1.0 available at C:/Users/Bart/AppData/Roaming/Xilinx/Vivado/2019.1/xhub/board_store/XilinxBoardStore/Vivado/2019.1/boards/Trenz_Electronic/TE0820_3EG_1E/1.0/1.0/board.xml as part xczu3eg-sfvc784-1-e specified in board_part file is either invalid or not available
WARNING: [Board 49-26] cannot add Board Part trenz.biz:te0820_4cg_1e:part0:1.0 available at C:/Users/Bart/AppData/Roaming/Xilinx/Vivado/2019.1/xhub/board_store/XilinxBoardStore/Vivado/2019.1/boards/Trenz_Electronic/TE0820_4CG_1E/1.0/1.0/board.xml as part xczu4cg-sfvc784-1-e specified in board_part file is either invalid or not available
WARNING: [Board 49-26] cannot add Board Part trenz.biz:te0820_4ev_1e:part0:1.0 available at C:/Users/Bart/AppData/Roaming/Xilinx/Vivado/2019.1/xhub/board_store/XilinxBoardStore/Vivado/2019.1/boards/Trenz_Electronic/TE0820_4EV_1E/1.0/1.0/board.xml as part xczu4ev-sfvc784-1-e specified in board_part file is either invalid or not available
WARNING: [Board 49-26] cannot add Board Part trenz.biz:teb0911_9eg_1e:part0:1.0 available at C:/Users/Bart/AppData/Roaming/Xilinx/Vivado/2019.1/xhub/board_store/XilinxBoardStore/Vivado/2019.1/boards/Trenz_Electronic/TEB0911_9EG_1E/1.0/1.0/board.xml as part xczu9eg-ffvb1156-1-e specified in board_part file is either invalid or not available
WARNING: [Board 49-26] cannot add Board Part trenz.biz:tec0850_15eg_1e:part0:1.0 available at C:/Users/Bart/AppData/Roaming/Xilinx/Vivado/2019.1/xhub/board_store/XilinxBoardStore/Vivado/2019.1/boards/Trenz_Electronic/TEC0850_15EG_1E/1.0/1.0/board.xml as part xczu15eg-ffvb1156-1-e specified in board_part file is either invalid or not available
WARNING: [Board 49-26] cannot add Board Part xilinx.com:au200:part0:1.2 available at C:/Users/Bart/AppData/Roaming/Xilinx/Vivado/2019.1/xhub/board_store/XilinxBoardStore/Vivado/2019.1/boards/Xilinx/au200/1.2/1.2/board.xml as part xcu200-fsgd2104-2-e specified in board_part file is either invalid or not available
WARNING: [Board 49-26] cannot add Board Part xilinx.com:au250:part0:1.2 available at C:/Users/Bart/AppData/Roaming/Xilinx/Vivado/2019.1/xhub/board_store/XilinxBoardStore/Vivado/2019.1/boards/Xilinx/au250/1.2/1.2/board.xml as part xcu250-figd2104-2l-e specified in board_part file is either invalid or not available
WARNING: [Board 49-26] cannot add Board Part xilinx.com:au280:part0:1.0 available at C:/Users/Bart/AppData/Roaming/Xilinx/Vivado/2019.1/xhub/board_store/XilinxBoardStore/Vivado/2019.1/boards/Xilinx/au280/production/1.0/1.0/board.xml as part xcu280-fsvh2892-2l-e specified in board_part file is either invalid or not available
WARNING: [Board 49-26] cannot add Board Part xilinx.com:au280_es1:part0:1.0 available at C:/Users/Bart/AppData/Roaming/Xilinx/Vivado/2019.1/xhub/board_store/XilinxBoardStore/Vivado/2019.1/boards/Xilinx/au280/es1/1.0/1.0/board.xml as part xcu280-fsvh2892-2l-e-es1 specified in board_part file is either invalid or not available
WARNING: [Board 49-26] cannot add Board Part xilinx.com:au280_es1:part0:1.1 available at C:/Users/Bart/AppData/Roaming/Xilinx/Vivado/2019.1/xhub/board_store/XilinxBoardStore/Vivado/2019.1/boards/Xilinx/au280/es1/1.1/1.1/board.xml as part xcu280-fsvh2892-2l-e-es1 specified in board_part file is either invalid or not available
WARNING: [Board 49-26] cannot add Board Part xilinx.com:au50dd:part0:1.0 available at C:/Users/Bart/AppData/Roaming/Xilinx/Vivado/2019.1/xhub/board_store/XilinxBoardStore/Vivado/2019.1/boards/Xilinx/au50/es/1.0/1.0/board.xml as part xcu50-fsvh2104-2-e specified in board_part file is either invalid or not available
WARNING: [Board 49-26] cannot add Board Part xilinx.com:vcu118:part0:2.0 available at C:/Users/Bart/AppData/Roaming/Xilinx/Vivado/2019.1/xhub/board_store/XilinxBoardStore/Vivado/2019.1/boards/Xilinx/vcu118/2.0/2.0/board.xml as part xcvu9p-flga2104-2l-e specified in board_part file is either invalid or not available
WARNING: [Board 49-26] cannot add Board Part xilinx.com:vcu128_es:part0:1.0 available at C:/Users/Bart/AppData/Roaming/Xilinx/Vivado/2019.1/xhub/board_store/XilinxBoardStore/Vivado/2019.1/boards/Xilinx/vcu128/1.0/1.0/board.xml as part xcvu37p-fsvh2892-2l-e-es1 specified in board_part file is either invalid or not available
WARNING: [Board 49-26] cannot add Board Part xilinx.com:vcu128_es:part0:1.1 available at C:/Users/Bart/AppData/Roaming/Xilinx/Vivado/2019.1/xhub/board_store/XilinxBoardStore/Vivado/2019.1/boards/Xilinx/vcu128/1.1/1.1/board.xml as part xcvu37p-fsvh2892-2l-e-es1 specified in board_part file is either invalid or not available
WARNING: [Board 49-26] cannot add Board Part xilinx.com:vcu129:part0:1.0 available at C:/Users/Bart/AppData/Roaming/Xilinx/Vivado/2019.1/xhub/board_store/XilinxBoardStore/Vivado/2019.1/boards/Xilinx/vcu129/production/1.0/1.0/board.xml as part xcvu29p-fsga2577-2l-e specified in board_part file is either invalid or not available
WARNING: [Board 49-26] cannot add Board Part xilinx.com:vcu129_es:part0:1.0 available at C:/Users/Bart/AppData/Roaming/Xilinx/Vivado/2019.1/xhub/board_store/XilinxBoardStore/Vivado/2019.1/boards/Xilinx/vcu129/es/1.0/1.0/board.xml as part xcvu29p-fsga2577-2l-e-es1 specified in board_part file is either invalid or not available
WARNING: [Board 49-26] cannot add Board Part digilentinc.com:arty-a7-100:part0:1.0 available at C:/Users/Bart/AppData/Roaming/Xilinx/Vivado/2019.1/xhub/board_store/XilinxBoardStore/Vivado/2019.1/boards/Digilent/arty-a7-100/E.0/1.0/board.xml as part xc7a100tcsg324-1 specified in board_part file is either invalid or not available
WARNING: [Board 49-26] cannot add Board Part digilentinc.com:arty-a7-35:part0:1.0 available at C:/Users/Bart/AppData/Roaming/Xilinx/Vivado/2019.1/xhub/board_store/XilinxBoardStore/Vivado/2019.1/boards/Digilent/arty-a7-35/E.0/1.0/board.xml as part xc7a35ticsg324-1l specified in board_part file is either invalid or not available
WARNING: [Board 49-26] cannot add Board Part digilentinc.com:arty-s7-25:part0:1.0 available at C:/Users/Bart/AppData/Roaming/Xilinx/Vivado/2019.1/xhub/board_store/XilinxBoardStore/Vivado/2019.1/boards/Digilent/arty-s7-25/E.0/1.0/board.xml as part xc7s25csga324-1 specified in board_part file is either invalid or not available
WARNING: [Board 49-26] cannot add Board Part digilentinc.com:arty-s7-50:part0:1.0 available at C:/Users/Bart/AppData/Roaming/Xilinx/Vivado/2019.1/xhub/board_store/XilinxBoardStore/Vivado/2019.1/boards/Digilent/arty-s7-50/B.0/1.0/board.xml as part xc7s50csga324-1 specified in board_part file is either invalid or not available
WARNING: [Board 49-26] cannot add Board Part digilentinc.com:arty:part0:1.1 available at C:/Users/Bart/AppData/Roaming/Xilinx/Vivado/2019.1/xhub/board_store/XilinxBoardStore/Vivado/2019.1/boards/Digilent/arty/C.0/1.1/board.xml as part xc7a35ticsg324-1l specified in board_part file is either invalid or not available
WARNING: [Board 49-26] cannot add Board Part digilentinc.com:basys3:part0:1.1 available at C:/Users/Bart/AppData/Roaming/Xilinx/Vivado/2019.1/xhub/board_store/XilinxBoardStore/Vivado/2019.1/boards/Digilent/basys3/C.0/1.1/board.xml as part xc7a35tcpg236-1 specified in board_part file is either invalid or not available
WARNING: [Board 49-26] cannot add Board Part digilentinc.com:cmod-s7-25:part0:1.0 available at C:/Users/Bart/AppData/Roaming/Xilinx/Vivado/2019.1/xhub/board_store/XilinxBoardStore/Vivado/2019.1/boards/Digilent/cmod-s7-25/B.0/1.0/board.xml as part xc7s25csga225-1 specified in board_part file is either invalid or not available
WARNING: [Board 49-26] cannot add Board Part digilentinc.com:cmod_a7-15t:part0:1.1 available at C:/Users/Bart/AppData/Roaming/Xilinx/Vivado/2019.1/xhub/board_store/XilinxBoardStore/Vivado/2019.1/boards/Digilent/cmod_a7-15t/B.0/1.1/board.xml as part xc7a15tcpg236-1 specified in board_part file is either invalid or not available
WARNING: [Board 49-26] cannot add Board Part digilentinc.com:cmod_a7-35t:part0:1.1 available at C:/Users/Bart/AppData/Roaming/Xilinx/Vivado/2019.1/xhub/board_store/XilinxBoardStore/Vivado/2019.1/boards/Digilent/cmod_a7-35t/B.0/1.1/board.xml as part xc7a35tcpg236-1 specified in board_part file is either invalid or not available
WARNING: [Board 49-26] cannot add Board Part digilentinc.com:genesys2:part0:1.1 available at C:/Users/Bart/AppData/Roaming/Xilinx/Vivado/2019.1/xhub/board_store/XilinxBoardStore/Vivado/2019.1/boards/Digilent/genesys2/H/1.1/board.xml as part xc7k325tffg900-2 specified in board_part file is either invalid or not available
WARNING: [Board 49-26] cannot add Board Part digilentinc.com:nexys4:part0:1.1 available at C:/Users/Bart/AppData/Roaming/Xilinx/Vivado/2019.1/xhub/board_store/XilinxBoardStore/Vivado/2019.1/boards/Digilent/nexys4/B.1/1.1/board.xml as part xc7a100tcsg324-1 specified in board_part file is either invalid or not available
WARNING: [Board 49-26] cannot add Board Part digilentinc.com:nexys4_ddr:part0:1.1 available at C:/Users/Bart/AppData/Roaming/Xilinx/Vivado/2019.1/xhub/board_store/XilinxBoardStore/Vivado/2019.1/boards/Digilent/nexys4_ddr/C.1/1.1/board.xml as part xc7a100tcsg324-1 specified in board_part file is either invalid or not available
WARNING: [Board 49-26] cannot add Board Part digilentinc.com:nexys_video:part0:1.1 available at C:/Users/Bart/AppData/Roaming/Xilinx/Vivado/2019.1/xhub/board_store/XilinxBoardStore/Vivado/2019.1/boards/Digilent/nexys_video/A.0/1.1/board.xml as part xc7a200tsbg484-1 specified in board_part file is either invalid or not available
WARNING: [Board 49-26] cannot add Board Part digilentinc.com:sword:part0:1.0 available at C:/Users/Bart/AppData/Roaming/Xilinx/Vivado/2019.1/xhub/board_store/XilinxBoardStore/Vivado/2019.1/boards/Digilent/sword/C.0/1.0/board.xml as part xc7k325tffg900-2 specified in board_part file is either invalid or not available
WARNING: [Board 49-26] cannot add Board Part em.avnet.com:ultra96:part0:1.2 available at C:/Users/Bart/AppData/Roaming/Xilinx/Vivado/2019.1/xhub/board_store/XilinxBoardStore/Vivado/2019.1/boards/Avnet/ultra96/1.2/1.2/board.xml as part xczu3eg-sbva484-1-e specified in board_part file is either invalid or not available
WARNING: [Board 49-26] cannot add Board Part trenz.biz:te0712_100_1i:part0:1.0 available at C:/Users/Bart/AppData/Roaming/Xilinx/Vivado/2019.1/xhub/board_store/XilinxBoardStore/Vivado/2019.1/boards/Trenz_Electronic/TE0712_100_1I/1.0/1.0/board.xml as part xc7a100tfgg484-1 specified in board_part file is either invalid or not available
WARNING: [Board 49-26] cannot add Board Part trenz.biz:te0712_100_2c:part0:1.0 available at C:/Users/Bart/AppData/Roaming/Xilinx/Vivado/2019.1/xhub/board_store/XilinxBoardStore/Vivado/2019.1/boards/Trenz_Electronic/TE0712_100_2C/1.0/1.0/board.xml as part xc7a100tfgg484-2 specified in board_part file is either invalid or not available
WARNING: [Board 49-26] cannot add Board Part trenz.biz:te0712_100_2c:part0:2.0 available at C:/Users/Bart/AppData/Roaming/Xilinx/Vivado/2019.1/xhub/board_store/XilinxBoardStore/Vivado/2019.1/boards/Trenz_Electronic/TE0712_100_2C/2.0/2.0/board.xml as part xc7a100tfgg484-2 specified in board_part file is either invalid or not available
WARNING: [Board 49-26] cannot add Board Part trenz.biz:te0712_200_1i:part0:1.0 available at C:/Users/Bart/AppData/Roaming/Xilinx/Vivado/2019.1/xhub/board_store/XilinxBoardStore/Vivado/2019.1/boards/Trenz_Electronic/TE0712_200_1I/1.0/1.0/board.xml as part xc7a200tfbg484-1 specified in board_part file is either invalid or not available
WARNING: [Board 49-26] cannot add Board Part trenz.biz:te0712_200_2c:part0:1.0 available at C:/Users/Bart/AppData/Roaming/Xilinx/Vivado/2019.1/xhub/board_store/XilinxBoardStore/Vivado/2019.1/boards/Trenz_Electronic/TE0712_200_2C/1.0/1.0/board.xml as part xc7a200tfbg484-2 specified in board_part file is either invalid or not available
WARNING: [Board 49-26] cannot add Board Part trenz.biz:te0712_200_2i:part0:1.0 available at C:/Users/Bart/AppData/Roaming/Xilinx/Vivado/2019.1/xhub/board_store/XilinxBoardStore/Vivado/2019.1/boards/Trenz_Electronic/TE0712_200_2I/1.0/1.0/board.xml as part xc7a200tfbg484-2 specified in board_part file is either invalid or not available
INFO: [Common 17-14] Message 'Board 49-26' appears 100 times and further instances of the messages will be disabled. Use the Tcl command set_msg_config to change the current settings.
INFO: [board_rule 100-100] create_bd_intf_port -mode Master -vlnv xilinx.com:interface:gpio_rtl:1.0 pl_led_g
INFO: [board_rule 100-100] connect_bd_intf_net /pl_led_g /axi_gpio_1/GPIO
delete_bd_objs [get_bd_intf_nets axi_gpio_1_GPIO] [get_bd_cells axi_gpio_1]
delete_bd_objs [get_bd_intf_ports pl_led_g]
WARNING: [IP_Flow 19-474] Invalid Parameter 'Component_Name'
startgroup
set_property -dict [list CONFIG.PCW_USE_M_AXI_GP0 {1}] [get_bd_cells processing_system7_0]
endgroup
startgroup
apply_bd_automation -rule xilinx.com:bd_rule:axi4 -config { Clk_master {Auto} Clk_slave {/processing_system7_0/FCLK_CLK0 (50 MHz)} Clk_xbar {/processing_system7_0/FCLK_CLK0 (50 MHz)} Master {/processing_system7_0/M_AXI_GP0} Slave {/axi_gpio_0/S_AXI} intc_ip {/ps7_0_axi_periph} master_apm {0}}  [get_bd_intf_pins processing_system7_0/M_AXI_GP0]
Slave segment </axi_gpio_0/S_AXI/Reg> is being mapped into address space </processing_system7_0/Data> at <0x4120_0000 [ 64K ]>
apply_bd_automation -rule xilinx.com:bd_rule:axi4 -config { Clk_master {Auto} Clk_slave {Auto} Clk_xbar {Auto} Master {/processing_system7_0/M_AXI_GP0} Slave {/matrix_0/S00_AXI} intc_ip {New AXI Interconnect} master_apm {0}}  [get_bd_intf_pins matrix_0/S00_AXI]
Slave segment </matrix_0/S00_AXI/S00_AXI_reg> is being mapped into address space </processing_system7_0/Data> at <0x43C0_0000 [ 64K ]>
endgroup
regenerate_bd_layout
regenerate_bd_layout -routing
connect_bd_net [get_bd_pins matrix_0/clk_in] [get_bd_pins processing_system7_0/FCLK_CLK0]
WARNING: [BD 41-1731] Type mismatch between connected pins: /processing_system7_0/FCLK_CLK0(clk) and /matrix_0/clk_in(undef)
regenerate_bd_layout
regenerate_bd_layout -routing
save_bd_design
Wrote  : <C:\Users\Bart\Documents\GitHub\Embedded_Operating_Systems\Embedded_Operating_Systems\MiniZED_VIO_HC_SR04\MiniZED_AXI_HC_SR04.srcs\sources_1\bd\matrix\matrix.bd> 
Wrote  : <C:/Users/Bart/Documents/GitHub/Embedded_Operating_Systems/Embedded_Operating_Systems/MiniZED_VIO_HC_SR04/MiniZED_AXI_HC_SR04.srcs/sources_1/bd/matrix/ui/bd_30bd5ac1.ui> 
WARNING: [IP_Flow 19-474] Invalid Parameter 'Component_Name'
exit
INFO: [Common 17-206] Exiting Vivado at Tue Dec 10 10:54:03 2019...
